[2022-03-29T14:47:50.431Z] Validating found git in: git
[2022-03-29T14:47:50.456Z] Using git 2.25.1 from git
[2022-03-29T14:47:50.732Z] > git rev-parse --git-dir [2ms]
[2022-03-29T14:47:50.741Z] Open repository: /home/anonymous/arbaminch
[2022-03-29T14:48:54.000Z] > git ls-files --stage -- /home/anonymous/arbaminch/TouristMap/mapsales/models.py [277ms]
[2022-03-29T14:48:56.218Z] > git ls-files --stage -- /home/anonymous/arbaminch/TouristMap/mapview/models.py [7ms]
[2022-03-29T14:48:59.562Z] > git ls-files --stage -- /home/anonymous/arbaminch/TouristMap/mapsales/models.py [2ms]
[2022-03-29T14:49:02.364Z] > git ls-files --stage -- /home/anonymous/arbaminch/TouristMap/accounts/models.py [3ms]
[2022-03-29T14:49:12.340Z] > git ls-files --stage -- /home/anonymous/arbaminch/TouristMap/mapsales/models.py [8ms]
[2022-03-29T14:51:18.373Z] > git ls-files --stage -- /home/anonymous/arbaminch/TouristMap/TouristMap/settings.py [2ms]
[2022-03-29T14:51:18.380Z] > git cat-file -s b5ef93c88287a0b6e78e23a8ed4fb5066bced73f [2ms]
[2022-03-29T14:53:52.925Z] > git ls-files --stage -- /home/anonymous/arbaminch/TouristMap/mapsales/models.py [7ms]
[2022-03-29T14:55:17.791Z] > git ls-files --stage -- /home/anonymous/arbaminch/TouristMap/mapsales/migrations/0002_request_id_alter_request_user.py [6ms]
[2022-03-29T14:55:22.526Z] > git ls-files --stage -- /home/anonymous/arbaminch/TouristMap/mapsales/models.py [2ms]
[2022-03-29T15:00:11.653Z] > git ls-files --stage -- /home/anonymous/arbaminch/django-crud-example-master/conceptu/settings.py [7ms]
[2022-03-29T15:01:37.230Z] > git ls-files --stage -- /home/anonymous/arbaminch/django-crud-example-master/requirements.txt [4ms]
[2022-03-29T15:02:46.032Z] > git ls-files --stage -- /home/anonymous/arbaminch/TouristMap/mapsales/models.py [7ms]
[2022-03-29T15:02:54.236Z] > git ls-files --stage -- /home/anonymous/arbaminch/django-crud-example-master/products/models.py [10ms]
[2022-03-29T15:03:04.782Z] > git ls-files --stage -- /home/anonymous/arbaminch/TouristMap/mapsales/models.py [7ms]
[2022-03-29T15:03:12.396Z] > git ls-files --stage -- /home/anonymous/arbaminch/django-crud-example-master/products/models.py [4ms]
[2022-03-29T15:11:58.519Z] > git ls-files --stage -- /home/anonymous/arbaminch/TouristMap/mapsales/models.py [1ms]
[2022-03-29T15:12:18.533Z] > git ls-files --stage -- /home/anonymous/arbaminch/django-crud-example-master/products/models.py [3ms]
[2022-03-29T15:12:21.661Z] > git ls-files --stage -- /home/anonymous/arbaminch/TouristMap/TouristMap/settings.py [2ms]
[2022-03-29T15:12:21.669Z] > git cat-file -s b5ef93c88287a0b6e78e23a8ed4fb5066bced73f [2ms]
[2022-03-29T15:13:52.173Z] > git ls-files --stage -- /home/anonymous/arbaminch/TouristMap/photoapp/admin.py [2ms]
[2022-03-29T15:14:03.421Z] > git ls-files --stage -- /home/anonymous/arbaminch/TouristMap/TouristMap/settings.py [5ms]
[2022-03-29T15:14:03.434Z] > git cat-file -s b5ef93c88287a0b6e78e23a8ed4fb5066bced73f [2ms]
[2022-03-29T15:14:09.943Z] > git ls-files --stage -- /home/anonymous/arbaminch/Django-photo-app-main/config/photoapp/admin.py [4ms]
[2022-03-29T15:14:33.719Z] > git ls-files --stage -- /home/anonymous/arbaminch/TouristMap/TouristMap/settings.py [3ms]
[2022-03-29T15:14:33.727Z] > git cat-file -s b5ef93c88287a0b6e78e23a8ed4fb5066bced73f [1ms]
[2022-03-29T15:15:20.093Z] > git ls-files --stage -- /home/anonymous/arbaminch/Django-photo-app-main/requirements.txt [7ms]
[2022-03-29T15:18:25.228Z] > git ls-files --stage -- /home/anonymous/arbaminch/TouristMap/TouristMap/settings.py [2ms]
[2022-03-29T15:18:25.235Z] > git cat-file -s b5ef93c88287a0b6e78e23a8ed4fb5066bced73f [1ms]
[2022-03-29T15:18:31.132Z] > git ls-files --stage -- /home/anonymous/arbaminch/TouristMap/photoapp/models.py [2ms]
[2022-03-29T15:20:05.843Z] > git ls-files --stage -- /home/anonymous/arbaminch/Django-photo-app-main/config/config/settings.py [4ms]
[2022-03-29T15:20:13.648Z] > git ls-files --stage -- /home/anonymous/arbaminch/TouristMap/TouristMap/settings.py [2ms]
[2022-03-29T15:20:13.654Z] > git cat-file -s b5ef93c88287a0b6e78e23a8ed4fb5066bced73f [1ms]
[2022-03-29T15:21:06.999Z] > git ls-files --stage -- /home/anonymous/arbaminch/TouristMap/TouristMap/urls.py [7ms]
[2022-03-29T15:21:07.025Z] > git cat-file -s 7462b5b3e9f2217adfa82fc655e51d3b758b80f5 [8ms]
[2022-03-29T15:21:10.415Z] > git ls-files --stage -- /home/anonymous/arbaminch/Django-photo-app-main/config/config/urls.py [5ms]
[2022-03-29T15:21:18.448Z] > git ls-files --stage -- /home/anonymous/arbaminch/TouristMap/TouristMap/settings.py [8ms]
[2022-03-29T15:21:18.466Z] > git cat-file -s b5ef93c88287a0b6e78e23a8ed4fb5066bced73f [2ms]
[2022-03-29T15:21:20.392Z] > git ls-files --stage -- /home/anonymous/arbaminch/TouristMap/TouristMap/urls.py [3ms]
[2022-03-29T15:21:20.399Z] > git cat-file -s 7462b5b3e9f2217adfa82fc655e51d3b758b80f5 [1ms]
[2022-03-29T15:23:00.804Z] > git ls-files --stage -- /home/anonymous/arbaminch/Django-photo-app-main/config/templates/base.html [3ms]
[2022-03-29T15:23:33.697Z] > git ls-files --stage -- /home/anonymous/arbaminch/TouristMap/templates/navbar.html [5ms]
[2022-03-29T15:23:50.314Z] > git ls-files --stage -- /home/anonymous/arbaminch/TouristMap/accounts/urls.py [2ms]
[2022-03-29T15:24:01.065Z] > git ls-files --stage -- /home/anonymous/arbaminch/TouristMap/TouristMap/urls.py [7ms]
[2022-03-29T15:24:01.081Z] > git cat-file -s 7462b5b3e9f2217adfa82fc655e51d3b758b80f5 [2ms]
[2022-03-29T15:24:12.851Z] > git ls-files --stage -- /home/anonymous/arbaminch/TouristMap/templates/navbar.html [3ms]
[2022-03-29T15:24:48.438Z] > git ls-files --stage -- /home/anonymous/arbaminch/TouristMap/TouristMap/urls.py [5ms]
[2022-03-29T15:24:48.448Z] > git cat-file -s 7462b5b3e9f2217adfa82fc655e51d3b758b80f5 [2ms]
[2022-03-29T15:25:40.538Z] > git ls-files --stage -- /home/anonymous/arbaminch/TouristMap/templates/photoapp/list.html [8ms]
[2022-03-29T15:25:47.166Z] > git ls-files --stage -- /home/anonymous/arbaminch/TouristMap/TouristMap/urls.py [3ms]
[2022-03-29T15:25:47.172Z] > git cat-file -s 7462b5b3e9f2217adfa82fc655e51d3b758b80f5 [1ms]
[2022-03-29T15:25:50.190Z] > git ls-files --stage -- /home/anonymous/arbaminch/Django-photo-app-main/requirements.txt [7ms]
[2022-03-29T15:25:58.760Z] > git ls-files --stage -- /home/anonymous/arbaminch/Django-photo-app-main/config/config/settings.py [7ms]
[2022-03-29T15:26:05.612Z] > git ls-files --stage -- /home/anonymous/arbaminch/TouristMap/TouristMap/settings.py [7ms]
[2022-03-29T15:26:05.631Z] > git cat-file -s b5ef93c88287a0b6e78e23a8ed4fb5066bced73f [1ms]
[2022-03-29T15:27:13.674Z] > git ls-files --stage -- /home/anonymous/arbaminch/Django-photo-app-main/config/config/settings.py [7ms]
[2022-03-29T15:27:27.753Z] > git ls-files --stage -- /home/anonymous/arbaminch/TouristMap/TouristMap/settings.py [8ms]
[2022-03-29T15:27:27.771Z] > git cat-file -s b5ef93c88287a0b6e78e23a8ed4fb5066bced73f [3ms]
[2022-03-29T15:27:30.244Z] > git ls-files --stage -- /home/anonymous/arbaminch/Django-photo-app-main/config/config/settings.py [3ms]
[2022-03-29T15:28:02.366Z] > git ls-files --stage -- /home/anonymous/arbaminch/TouristMap/TouristMap/settings.py [5ms]
[2022-03-29T15:28:02.380Z] > git cat-file -s b5ef93c88287a0b6e78e23a8ed4fb5066bced73f [2ms]
[2022-03-29T15:28:25.201Z] > git ls-files --stage -- /home/anonymous/arbaminch/TouristMap/TouristMap/settings.py [6ms]
[2022-03-29T15:28:25.215Z] > git cat-file -s b5ef93c88287a0b6e78e23a8ed4fb5066bced73f [2ms]
[2022-03-29T15:29:22.248Z] > git ls-files --stage -- /home/anonymous/arbaminch/TouristMap/templates/navbar.html [2ms]
[2022-03-29T15:29:27.473Z] > git ls-files --stage -- /home/anonymous/arbaminch/TouristMap/templates/photoapp/list.html [3ms]
[2022-03-29T15:30:23.466Z] > git ls-files --stage -- /home/anonymous/arbaminch/Django-photo-app-main/config/config/urls.py [4ms]
[2022-03-29T15:30:30.601Z] > git ls-files --stage -- /home/anonymous/arbaminch/TouristMap/TouristMap/urls.py [4ms]
[2022-03-29T15:30:30.613Z] > git cat-file -s 7462b5b3e9f2217adfa82fc655e51d3b758b80f5 [3ms]
[2022-03-29T15:30:36.347Z] > git ls-files --stage -- /home/anonymous/arbaminch/Django-photo-app-main/config/config/urls.py [6ms]
[2022-03-29T15:30:43.624Z] > git ls-files --stage -- /home/anonymous/arbaminch/TouristMap/TouristMap/urls.py [5ms]
[2022-03-29T15:30:43.635Z] > git cat-file -s 7462b5b3e9f2217adfa82fc655e51d3b758b80f5 [2ms]
[2022-03-29T15:31:09.959Z] > git ls-files --stage -- /home/anonymous/arbaminch/TouristMap/templates/photoapp/list.html [7ms]
[2022-03-29T15:31:18.284Z] > git ls-files --stage -- /home/anonymous/arbaminch/TouristMap/templates/photoapp/detail.html [7ms]
[2022-03-29T15:31:38.280Z] > git ls-files --stage -- /home/anonymous/arbaminch/TouristMap/templates/navbar.html [7ms]
[2022-03-29T15:31:39.465Z] > git ls-files --stage -- /home/anonymous/arbaminch/TouristMap/templates/photoapp/list.html [6ms]
[2022-03-29T15:32:17.406Z] > git ls-files --stage -- /home/anonymous/arbaminch/TouristMap/photoapp/models.py [2ms]
[2022-03-29T15:32:29.966Z] > git ls-files --stage -- /home/anonymous/arbaminch/TouristMap/templates/photoapp/list.html [7ms]
[2022-03-29T15:32:38.672Z] > git ls-files --stage -- /home/anonymous/arbaminch/TouristMap/photoapp/models.py [1ms]
[2022-03-29T15:32:45.073Z] > git ls-files --stage -- /home/anonymous/arbaminch/TouristMap/templates/photoapp/list.html [7ms]
[2022-03-29T15:48:17.835Z] > git ls-files --stage -- /home/anonymous/arbaminch/Django-photo-app-main/requirements.txt [5ms]
[2022-03-29T15:48:19.770Z] > git ls-files --stage -- /home/anonymous/arbaminch/TouristMap/templates/photoapp/list.html [5ms]
[2022-03-29T15:48:39.708Z] > git ls-files --stage -- /home/anonymous/arbaminch/django-ajax-search-master/src/django_ajax_search_project/app/models.py [8ms]
[2022-03-29T15:48:42.834Z] > git ls-files --stage -- /home/anonymous/arbaminch/django-ajax-search-master/src/django_ajax_search_project/app/views.py [3ms]
[2022-03-29T15:49:10.291Z] > git ls-files --stage -- /home/anonymous/arbaminch/django-ajax-search-master/src/django_ajax_search_project/app/urls.py [2ms]
[2022-03-29T15:51:05.230Z] > git ls-files --stage -- /home/anonymous/arbaminch/django-ajax-search-master/src/django_ajax_search_project/app/models.py [6ms]
[2022-03-29T15:51:06.800Z] > git ls-files --stage -- /home/anonymous/arbaminch/django-ajax-search-master/src/django_ajax_search_project/app/urls.py [7ms]
[2022-03-29T15:51:19.999Z] > git ls-files --stage -- /home/anonymous/arbaminch/django-ajax-search-master/src/django_ajax_search_project/app/templates/app/home.html [8ms]
[2022-03-29T15:51:24.444Z] > git ls-files --stage -- /home/anonymous/arbaminch/django-ajax-search-master/src/django_ajax_search_project/app/templates/app/base.html [3ms]
[2022-03-29T15:51:28.365Z] > git ls-files --stage -- /home/anonymous/arbaminch/django-ajax-search-master/src/django_ajax_search_project/app/templates/app/home.html [2ms]
[2022-03-29T15:51:36.061Z] > git ls-files --stage -- /home/anonymous/arbaminch/django-ajax-search-master/src/django_ajax_search_project/app/static/app/js/register.js [2ms]
[2022-03-29T15:51:47.872Z] > git ls-files --stage -- /home/anonymous/arbaminch/django-ajax-search-master/src/django_ajax_search_project/app/templates/app/base.html [92ms]
[2022-03-29T15:51:51.773Z] > git ls-files --stage -- /home/anonymous/arbaminch/django-ajax-search-master/src/django_ajax_search_project/app/templates/app/home.html [6ms]
[2022-03-29T15:51:56.628Z] > git ls-files --stage -- /home/anonymous/arbaminch/django-ajax-search-master/src/django_ajax_search_project/app/templates/app/login.html [7ms]
[2022-03-29T15:51:58.402Z] > git ls-files --stage -- /home/anonymous/arbaminch/django-ajax-search-master/src/django_ajax_search_project/app/templates/app/home.html [2ms]
[2022-03-29T15:52:01.398Z] > git ls-files --stage -- /home/anonymous/arbaminch/TouristMap/templates/navbar.html [4ms]
[2022-03-29T15:52:04.236Z] > git ls-files --stage -- /home/anonymous/arbaminch/django-ajax-search-master/src/django_ajax_search_project/app/templates/app/home.html [2ms]
[2022-03-29T15:52:07.698Z] > git ls-files --stage -- /home/anonymous/arbaminch/django-ajax-search-master/src/django_ajax_search_project/app/static/app/js/register.js [6ms]
[2022-03-29T15:54:18.669Z] > git ls-files --stage -- /home/anonymous/arbaminch/django-ajax-search-master/src/django_ajax_search_project/app/templates/app/home.html [2ms]
[2022-03-29T15:54:25.281Z] > git ls-files --stage -- /home/anonymous/arbaminch/TouristMap/templates/navbar.html [7ms]
[2022-03-29T16:07:19.098Z] > git ls-files --stage -- /home/anonymous/arbaminch/django-ajax-search-master/Pipfile [6ms]
[2022-03-29T16:23:35.432Z] > git ls-files --stage -- /home/anonymous/arbaminch/django-autocomplete-search-main/app/search/models.py [1ms]
[2022-03-29T16:23:38.527Z] > git ls-files --stage -- /home/anonymous/arbaminch/django-autocomplete-search-main/app/search/tests.py [2ms]
[2022-03-29T16:23:39.669Z] > git ls-files --stage -- /home/anonymous/arbaminch/django-autocomplete-search-main/app/search/urls.py [2ms]
[2022-03-29T16:23:47.875Z] > git ls-files --stage -- /home/anonymous/arbaminch/django-autocomplete-search-main/app/templates/base.html [1ms]
[2022-03-29T16:24:15.050Z] > git ls-files --stage -- /home/anonymous/arbaminch/TouristMap/templates/navbar.html [2ms]
[2022-03-29T16:25:11.837Z] > git ls-files --stage -- /home/anonymous/arbaminch/django-autocomplete-search-main/app/templates/base.html [2ms]
[2022-03-29T16:25:27.916Z] > git ls-files --stage -- /home/anonymous/arbaminch/TouristMap/templates/navbar.html [1ms]
[2022-03-29T16:25:45.580Z] > git ls-files --stage -- /home/anonymous/arbaminch/django-autocomplete-search-main/app/templates/base.html [2ms]
[2022-03-29T16:25:54.095Z] > git ls-files --stage -- /home/anonymous/arbaminch/django-autocomplete-search-main/app/templates/search_results.html [2ms]
[2022-03-29T16:26:15.721Z] > git ls-files --stage -- /home/anonymous/arbaminch/TouristMap/templates/search_results.html [2ms]
[2022-03-29T16:26:51.565Z] > git ls-files --stage -- /home/anonymous/arbaminch/django-autocomplete-search-main/app/search/views.py [2ms]
[2022-03-29T16:27:07.685Z] > git ls-files --stage -- /home/anonymous/arbaminch/django-autocomplete-search-main/app/search/utils.py [2ms]
[2022-03-29T16:27:16.602Z] > git ls-files --stage -- /home/anonymous/arbaminch/django-autocomplete-search-main/app/search/admin.py [2ms]
[2022-03-29T16:27:17.780Z] > git ls-files --stage -- /home/anonymous/arbaminch/django-autocomplete-search-main/app/search/apps.py [2ms]
[2022-03-29T16:27:26.201Z] > git ls-files --stage -- /home/anonymous/arbaminch/django-autocomplete-search-main/app/search/tests.py [2ms]
[2022-03-29T16:27:27.562Z] > git ls-files --stage -- /home/anonymous/arbaminch/django-autocomplete-search-main/app/search/urls.py [2ms]
[2022-03-29T16:27:34.798Z] > git ls-files --stage -- /home/anonymous/arbaminch/django-autocomplete-search-main/requirements.txt [2ms]
[2022-03-29T16:27:39.012Z] > git ls-files --stage -- /home/anonymous/arbaminch/django-autocomplete-search-main/app/search/tests.py [2ms]
[2022-03-29T16:27:41.998Z] > git ls-files --stage -- /home/anonymous/arbaminch/django-autocomplete-search-main/app/search/views.py [1ms]
[2022-03-29T16:27:45.436Z] > git ls-files --stage -- /home/anonymous/arbaminch/django-autocomplete-search-main/app/search/tests.py [1ms]
[2022-03-29T16:27:46.577Z] > git ls-files --stage -- /home/anonymous/arbaminch/django-autocomplete-search-main/app/search/utils.py [1ms]
[2022-03-29T16:27:59.208Z] > git ls-files --stage -- /home/anonymous/arbaminch/TouristMap/photoapp/utils.py [2ms]
[2022-03-29T17:17:28.474Z] > git ls-files --stage -- /home/anonymous/arbaminch/TouristMap/templates/search_results.html [380ms]
[2022-03-29T17:17:29.393Z] > git ls-files --stage -- /home/anonymous/arbaminch/TouristMap/templates/navbar.html [2ms]
[2022-03-29T17:46:03.963Z] > git ls-files --stage -- /home/anonymous/arbaminch/TouristMap/templates/search_results.html [2ms]
[2022-03-29T17:46:06.996Z] > git ls-files --stage -- /home/anonymous/arbaminch/TouristMap/photoapp/utils.py [2ms]
[2022-03-29T17:46:07.986Z] > git ls-files --stage -- /home/anonymous/arbaminch/TouristMap/TouristMap/settings.py [2ms]
[2022-03-29T17:46:08.068Z] > git cat-file -s b5ef93c88287a0b6e78e23a8ed4fb5066bced73f [75ms]
[2022-03-29T18:18:11.354Z] > git ls-files --stage -- /home/anonymous/arbaminch/TouristMap/photoapp/models.py [2ms]
