[2022-03-29 17:47:29.547] [main] [info] update#setState idle
[2022-03-29 17:47:30.005] [main] [info] window#load: attempt to load window (id: 1)
[2022-03-29 17:47:30.172] [main] [info] ExtensionHostStarterWorker created
[2022-03-29 17:47:33.327] [main] [info] window#load: window reported ready (id: 1)
[2022-03-29 17:47:33.644] [main] [info] Starting extension host with pid 6357 (fork() took 7 ms).
[2022-03-29 17:47:33.644] [main] [info] ExtensionHostStarterWorker.start() took 9 ms.
[2022-03-29 17:47:46.941] [main] [info] window#load: attempt to load window (id: 1)
[2022-03-29 17:47:46.966] [main] [info] Extension host with pid 6357 exited with code: 0, signal: null.
[2022-03-29 17:47:47.543] [main] [info] window#load: window reported ready (id: 1)
[2022-03-29 17:47:47.776] [main] [info] Starting extension host with pid 6445 (fork() took 5 ms).
[2022-03-29 17:47:47.777] [main] [info] ExtensionHostStarterWorker.start() took 5 ms.
[2022-03-29 17:47:59.556] [main] [info] update#setState checking for updates
[2022-03-29 17:47:59.558] [main] [info] update#setState idle
[2022-03-29 18:48:00.036] [main] [info] update#setState checking for updates
[2022-03-29 18:48:00.063] [main] [info] update#setState idle
[2022-03-29 19:48:00.160] [main] [info] update#setState checking for updates
[2022-03-29 19:48:00.289] [main] [info] update#setState idle
[2022-03-29 21:04:58.656] [main] [info] update#setState checking for updates
[2022-03-29 21:04:58.684] [main] [info] update#setState idle
[2022-03-29 21:18:58.482] [main] [info] Starting extension host with pid 23341 (fork() took 2270 ms).
[2022-03-29 21:18:58.715] [main] [info] ExtensionHostStarterWorker.start() took 2773 ms.
[2022-03-29 21:18:59.064] [main] [info] Extension host with pid 6445 exited with code: 0, signal: null.
[2022-03-29 21:47:20.298] [main] [info] Waiting for extension host with pid 23341 to exit.
[2022-03-29 21:47:20.515] [main] [info] Extension host with pid 23341 exited with code: 0, signal: null.
