Experiment 'pythonaacf' is active
Experiment 'pythonTensorboardExperiment' is active
Experiment 'PythonPyTorchProfiler' is active
Experiment 'pythonDeprecatePythonPath' is active
Experiment 'pythonInterpreterInfoPinned' is active
> conda info --json
> /home/anonymous/arbaminch/venv/bin/python ~/.vscode/extensions/ms-python.python-2022.2.1924087327/pythonFiles/get_output_via_markers.py ~/.vscode/extensions/ms-python.python-2022.2.1924087327/pythonFiles/interpreterInfo.py
Python interpreter path: ./venv/bin/python
> . /home/anonymous/arbaminch/venv/bin/activate && echo 'e8b39361-0157-4923-80e1-22d70d46dee6' && python ~/.vscode/extensions/ms-python.python-2022.2.1924087327/pythonFiles/printEnvVariables.py
> . /home/anonymous/arbaminch/venv/bin/activate && echo 'e8b39361-0157-4923-80e1-22d70d46dee6' && python ~/.vscode/extensions/ms-python.python-2022.2.1924087327/pythonFiles/printEnvVariables.py
> . /home/anonymous/arbaminch/venv/bin/activate && echo 'e8b39361-0157-4923-80e1-22d70d46dee6' && python ~/.vscode/extensions/ms-python.python-2022.2.1924087327/pythonFiles/printEnvVariables.py
> ~/.virtualenvs/django-ajax-search-master-kZ4soVBf/bin/python ~/.vscode/extensions/ms-python.python-2022.2.1924087327/pythonFiles/get_output_via_markers.py ~/.vscode/extensions/ms-python.python-2022.2.1924087327/pythonFiles/interpreterInfo.py
> ~/.local/share/virtualenvs/django-ajax-search-master-kZ4soVBf/bin/python ~/.vscode/extensions/ms-python.python-2022.2.1924087327/pythonFiles/get_output_via_markers.py ~/.vscode/extensions/ms-python.python-2022.2.1924087327/pythonFiles/interpreterInfo.py
> /home/anonymous/Desktop/behagerlij/venv/bin/python ~/.vscode/extensions/ms-python.python-2022.2.1924087327/pythonFiles/get_output_via_markers.py ~/.vscode/extensions/ms-python.python-2022.2.1924087327/pythonFiles/interpreterInfo.py
> /bin/python2 ~/.vscode/extensions/ms-python.python-2022.2.1924087327/pythonFiles/get_output_via_markers.py ~/.vscode/extensions/ms-python.python-2022.2.1924087327/pythonFiles/interpreterInfo.py
> /bin/python3 ~/.vscode/extensions/ms-python.python-2022.2.1924087327/pythonFiles/get_output_via_markers.py ~/.vscode/extensions/ms-python.python-2022.2.1924087327/pythonFiles/interpreterInfo.py
> /usr/bin/python2 ~/.vscode/extensions/ms-python.python-2022.2.1924087327/pythonFiles/get_output_via_markers.py ~/.vscode/extensions/ms-python.python-2022.2.1924087327/pythonFiles/interpreterInfo.py
> /usr/bin/python3 ~/.vscode/extensions/ms-python.python-2022.2.1924087327/pythonFiles/get_output_via_markers.py ~/.vscode/extensions/ms-python.python-2022.2.1924087327/pythonFiles/interpreterInfo.py
Starting Pylance language server.
Python interpreter path: ./venv/bin/python
